<?xml version="1.0" encoding="UTF-8"?>
<testsuite xmlns:xsi="http://www.w3.org/2001/XMLSchema-instance" xsi:noNamespaceSchemaLocation="https://maven.apache.org/surefire/maven-surefire-plugin/xsd/surefire-test-report-3.0.xsd" version="3.0" name="com.heartrate.controller.UserControllerIntegrationTest" time="1.423" tests="2" errors="0" skipped="0" failures="0">
  <properties>
[...]
</properties>
  <testcase name="testPasswordResetFlow" classname="com.heartrate.controller.UserControllerIntegrationTest" time="0.408">
    <system-out><![CDATA[&amp#27;[2m2025-05-25T12:49:18.222-07:00&amp#27;[0;39m &amp#27;[32m INFO&amp#27;[0;39m &amp#27;[35m51766&amp#27;[0;39m &amp#27;[2m---&amp#27;[0;39m &amp#27;[2m[           main]&amp#27;[0;39m &amp#27;[2m&amp#27;[0;39m&amp#27;[36mt.c.s.AnnotationConfigContextLoaderUtils&amp#27;[0;39m &amp#27;[2m:&amp#27;[0;39m Could not detect default configuration classes for test class [com.heartrate.controller.UserControllerIntegrationTest]: UserControllerIntegrationTest does not declare any static, non-private, non-final, nested classes annotated with @Configuration.
&amp#27;[2m2025-05-25T12:49:18.229-07:00&amp#27;[0;39m &amp#27;[32m INFO&amp#27;[0;39m &amp#27;[35m51766&amp#27;[0;39m &amp#27;[2m---&amp#27;[0;39m &amp#27;[2m[           main]&amp#27;[0;39m &amp#27;[2m&amp#27;[0;39m&amp#27;[36m.b.t.c.SpringBootTestContextBootstrapper&amp#27;[0;39m &amp#27;[2m:&amp#27;[0;39m Found @SpringBootConfiguration com.heartrate.HeartRateApplication for test class com.heartrate.controller.UserControllerIntegrationTest
&amp#27;[2m2025-05-25T12:49:18.233-07:00&amp#27;[0;39m &amp#27;[32m INFO&amp#27;[0;39m &amp#27;[35m51766&amp#27;[0;39m &amp#27;[2m---&amp#27;[0;39m &amp#27;[2m[           main]&amp#27;[0;39m &amp#27;[2m&amp#27;[0;39m&amp#27;[36mo.s.b.d.r.RestartApplicationListener    &amp#27;[0;39m &amp#27;[2m:&amp#27;[0;39m Restart disabled due to context in which it is running

  .   ____          _            __ _ _
 /\\ / ___'_ __ _ _(_)_ __  __ _ \ \ \ \
( ( )\___ | '_ | '_| | '_ \/ _` | \ \ \ \
 \\/  ___)| |_)| | | | | || (_| |  ) ) ) )
  '  |____| .__|_| |_|_| |_\__, | / / / /
 =========|_|==============|___/=/_/_/_/
&amp#27;[32m :: Spring Boot :: &amp#27;[39m              &amp#27;[2m (v3.2.3)&amp#27;[0;39m

&amp#27;[2m2025-05-25T12:49:18.252-07:00&amp#27;[0;39m &amp#27;[32m INFO&amp#27;[0;39m &amp#27;[35m51766&amp#27;[0;39m &amp#27;[2m---&amp#27;[0;39m &amp#27;[2m[           main]&amp#27;[0;39m &amp#27;[2m&amp#27;[0;39m&amp#27;[36mc.h.c.UserControllerIntegrationTest     &amp#27;[0;39m &amp#27;[2m:&amp#27;[0;39m Starting UserControllerIntegrationTest using Java 23.0.2 with PID 51766 (started by dev in /Users/dev/projects/heart-rate/backend)
&amp#27;[2m2025-05-25T12:49:18.252-07:00&amp#27;[0;39m &amp#27;[32m INFO&amp#27;[0;39m &amp#27;[35m51766&amp#27;[0;39m &amp#27;[2m---&amp#27;[0;39m &amp#27;[2m[           main]&amp#27;[0;39m &amp#27;[2m&amp#27;[0;39m&amp#27;[36mc.h.c.UserControllerIntegrationTest     &amp#27;[0;39m &amp#27;[2m:&amp#27;[0;39m The following 1 profile is active: "test"
&amp#27;[2m2025-05-25T12:49:18.398-07:00&amp#27;[0;39m &amp#27;[32m INFO&amp#27;[0;39m &amp#27;[35m51766&amp#27;[0;39m &amp#27;[2m---&amp#27;[0;39m &amp#27;[2m[           main]&amp#27;[0;39m &amp#27;[2m&amp#27;[0;39m&amp#27;[36m.s.d.r.c.RepositoryConfigurationDelegate&amp#27;[0;39m &amp#27;[2m:&amp#27;[0;39m Bootstrapping Spring Data JPA repositories in DEFAULT mode.
&amp#27;[2m2025-05-25T12:49:18.403-07:00&amp#27;[0;39m &amp#27;[32m INFO&amp#27;[0;39m &amp#27;[35m51766&amp#27;[0;39m &amp#27;[2m---&amp#27;[0;39m &amp#27;[2m[           main]&amp#27;[0;39m &amp#27;[2m&amp#27;[0;39m&amp#27;[36m.s.d.r.c.RepositoryConfigurationDelegate&amp#27;[0;39m &amp#27;[2m:&amp#27;[0;39m Finished Spring Data repository scanning in 4 ms. Found 1 JPA repository interface.
&amp#27;[2m2025-05-25T12:49:18.588-07:00&amp#27;[0;39m &amp#27;[32m INFO&amp#27;[0;39m &amp#27;[35m51766&amp#27;[0;39m &amp#27;[2m---&amp#27;[0;39m &amp#27;[2m[           main]&amp#27;[0;39m &amp#27;[2m&amp#27;[0;39m&amp#27;[36mo.s.b.w.embedded.tomcat.TomcatWebServer &amp#27;[0;39m &amp#27;[2m:&amp#27;[0;39m Tomcat initialized with port 0 (http)
&amp#27;[2m2025-05-25T12:49:18.595-07:00&amp#27;[0;39m &amp#27;[32m INFO&amp#27;[0;39m &amp#27;[35m51766&amp#27;[0;39m &amp#27;[2m---&amp#27;[0;39m &amp#27;[2m[           main]&amp#27;[0;39m &amp#27;[2m&amp#27;[0;39m&amp#27;[36mo.apache.catalina.core.StandardService  &amp#27;[0;39m &amp#27;[2m:&amp#27;[0;39m Starting service [Tomcat]
&amp#27;[2m2025-05-25T12:49:18.595-07:00&amp#27;[0;39m &amp#27;[32m INFO&amp#27;[0;39m &amp#27;[35m51766&amp#27;[0;39m &amp#27;[2m---&amp#27;[0;39m &amp#27;[2m[           main]&amp#27;[0;39m &amp#27;[2m&amp#27;[0;39m&amp#27;[36mo.apache.catalina.core.StandardEngine   &amp#27;[0;39m &amp#27;[2m:&amp#27;[0;39m Starting Servlet engine: [Apache Tomcat/10.1.19]
&amp#27;[2m2025-05-25T12:49:18.618-07:00&amp#27;[0;39m &amp#27;[32m INFO&amp#27;[0;39m &amp#27;[35m51766&amp#27;[0;39m &amp#27;[2m---&amp#27;[0;39m &amp#27;[2m[           main]&amp#27;[0;39m &amp#27;[2m&amp#27;[0;39m&amp#27;[36mo.a.c.c.C.[Tomcat].[localhost].[/]      &amp#27;[0;39m &amp#27;[2m:&amp#27;[0;39m Initializing Spring embedded WebApplicationContext
&amp#27;[2m2025-05-25T12:49:18.619-07:00&amp#27;[0;39m &amp#27;[32m INFO&amp#27;[0;39m &amp#27;[35m51766&amp#27;[0;39m &amp#27;[2m---&amp#27;[0;39m &amp#27;[2m[           main]&amp#27;[0;39m &amp#27;[2m&amp#27;[0;39m&amp#27;[36mw.s.c.ServletWebServerApplicationContext&amp#27;[0;39m &amp#27;[2m:&amp#27;[0;39m Root WebApplicationContext: initialization completed in 365 ms
&amp#27;[2m2025-05-25T12:49:18.631-07:00&amp#27;[0;39m &amp#27;[32m INFO&amp#27;[0;39m &amp#27;[35m51766&amp#27;[0;39m &amp#27;[2m---&amp#27;[0;39m &amp#27;[2m[           main]&amp#27;[0;39m &amp#27;[2m&amp#27;[0;39m&amp#27;[36mcom.zaxxer.hikari.HikariDataSource      &amp#27;[0;39m &amp#27;[2m:&amp#27;[0;39m HikariPool-1 - Starting...
&amp#27;[2m2025-05-25T12:49:18.636-07:00&amp#27;[0;39m &amp#27;[32m INFO&amp#27;[0;39m &amp#27;[35m51766&amp#27;[0;39m &amp#27;[2m---&amp#27;[0;39m &amp#27;[2m[           main]&amp#27;[0;39m &amp#27;[2m&amp#27;[0;39m&amp#27;[36mcom.zaxxer.hikari.pool.HikariPool       &amp#27;[0;39m &amp#27;[2m:&amp#27;[0;39m HikariPool-1 - Added connection conn6: url=jdbc:h2:mem:testdb user=SA
&amp#27;[2m2025-05-25T12:49:18.637-07:00&amp#27;[0;39m &amp#27;[32m INFO&amp#27;[0;39m &amp#27;[35m51766&amp#27;[0;39m &amp#27;[2m---&amp#27;[0;39m &amp#27;[2m[           main]&amp#27;[0;39m &amp#27;[2m&amp#27;[0;39m&amp#27;[36mcom.zaxxer.hikari.HikariDataSource      &amp#27;[0;39m &amp#27;[2m:&amp#27;[0;39m HikariPool-1 - Start completed.
&amp#27;[2m2025-05-25T12:49:18.643-07:00&amp#27;[0;39m &amp#27;[32m INFO&amp#27;[0;39m &amp#27;[35m51766&amp#27;[0;39m &amp#27;[2m---&amp#27;[0;39m &amp#27;[2m[           main]&amp#27;[0;39m &amp#27;[2m&amp#27;[0;39m&amp#27;[36mo.s.b.a.h2.H2ConsoleAutoConfiguration   &amp#27;[0;39m &amp#27;[2m:&amp#27;[0;39m H2 console available at '/h2-console '. Database available at 'jdbc:h2:mem:testdb'
&amp#27;[2m2025-05-25T12:49:18.664-07:00&amp#27;[0;39m &amp#27;[32m INFO&amp#27;[0;39m &amp#27;[35m51766&amp#27;[0;39m &amp#27;[2m---&amp#27;[0;39m &amp#27;[2m[           main]&amp#27;[0;39m &amp#27;[2m&amp#27;[0;39m&amp#27;[36mo.hibernate.jpa.internal.util.LogHelper &amp#27;[0;39m &amp#27;[2m:&amp#27;[0;39m HHH000204: Processing PersistenceUnitInfo [name: default]
&amp#27;[2m2025-05-25T12:49:18.665-07:00&amp#27;[0;39m &amp#27;[32m INFO&amp#27;[0;39m &amp#27;[35m51766&amp#27;[0;39m &amp#27;[2m---&amp#27;[0;39m &amp#27;[2m[           main]&amp#27;[0;39m &amp#27;[2m&amp#27;[0;39m&amp#27;[36mo.h.c.internal.RegionFactoryInitiator   &amp#27;[0;39m &amp#27;[2m:&amp#27;[0;39m HHH000026: Second-level cache disabled
&amp#27;[2m2025-05-25T12:49:18.667-07:00&amp#27;[0;39m &amp#27;[32m INFO&amp#27;[0;39m &amp#27;[35m51766&amp#27;[0;39m &amp#27;[2m---&amp#27;[0;39m &amp#27;[2m[           main]&amp#27;[0;39m &amp#27;[2m&amp#27;[0;39m&amp#27;[36mo.s.o.j.p.SpringPersistenceUnitInfo     &amp#27;[0;39m &amp#27;[2m:&amp#27;[0;39m No LoadTimeWeaver setup: ignoring JPA class transformer
&amp#27;[2m2025-05-25T12:49:18.668-07:00&amp#27;[0;39m &amp#27;[33m WARN&amp#27;[0;39m &amp#27;[35m51766&amp#27;[0;39m &amp#27;[2m---&amp#27;[0;39m &amp#27;[2m[           main]&amp#27;[0;39m &amp#27;[2m&amp#27;[0;39m&amp#27;[36morg.hibernate.orm.deprecation           &amp#27;[0;39m &amp#27;[2m:&amp#27;[0;39m HHH90000025: H2Dialect does not need to be specified explicitly using 'hibernate.dialect' (remove the property setting and it will be selected by default)
&amp#27;[2m2025-05-25T12:49:18.690-07:00&amp#27;[0;39m &amp#27;[32m INFO&amp#27;[0;39m &amp#27;[35m51766&amp#27;[0;39m &amp#27;[2m---&amp#27;[0;39m &amp#27;[2m[           main]&amp#27;[0;39m &amp#27;[2m&amp#27;[0;39m&amp#27;[36mo.h.e.t.j.p.i.JtaPlatformInitiator      &amp#27;[0;39m &amp#27;[2m:&amp#27;[0;39m HHH000489: No JTA platform available (set 'hibernate.transaction.jta.platform' to enable JTA platform integration)
Hibernate: 
    drop table if exists users cascade 
Hibernate: 
    create table users (
        date_of_birth date,
        reset_token_expiry timestamp(6),
        id uuid not null,
        email varchar(255) not null unique,
        first_name varchar(255),
        gender varchar(255),
        last_name varchar(255),
        password varchar(255) not null,
        reset_token varchar(255),
        zip_code varchar(255),
        primary key (id)
    )
&amp#27;[2m2025-05-25T12:49:18.692-07:00&amp#27;[0;39m &amp#27;[32m INFO&amp#27;[0;39m &amp#27;[35m51766&amp#27;[0;39m &amp#27;[2m---&amp#27;[0;39m &amp#27;[2m[           main]&amp#27;[0;39m &amp#27;[2m&amp#27;[0;39m&amp#27;[36mj.LocalContainerEntityManagerFactoryBean&amp#27;[0;39m &amp#27;[2m:&amp#27;[0;39m Initialized JPA EntityManagerFactory for persistence unit 'default'
&amp#27;[2m2025-05-25T12:49:18.764-07:00&amp#27;[0;39m &amp#27;[33m WARN&amp#27;[0;39m &amp#27;[35m51766&amp#27;[0;39m &amp#27;[2m---&amp#27;[0;39m &amp#27;[2m[           main]&amp#27;[0;39m &amp#27;[2m&amp#27;[0;39m&amp#27;[36mJpaBaseConfiguration$JpaWebConfiguration&amp#27;[0;39m &amp#27;[2m:&amp#27;[0;39m spring.jpa.open-in-view is enabled by default. Therefore, database queries may be performed during view rendering. Explicitly configure spring.jpa.open-in-view to disable this warning
&amp#27;[2m2025-05-25T12:49:18.911-07:00&amp#27;[0;39m &amp#27;[32m INFO&amp#27;[0;39m &amp#27;[35m51766&amp#27;[0;39m &amp#27;[2m---&amp#27;[0;39m &amp#27;[2m[           main]&amp#27;[0;39m &amp#27;[2m&amp#27;[0;39m&amp#27;[36mo.s.s.web.DefaultSecurityFilterChain    &amp#27;[0;39m &amp#27;[2m:&amp#27;[0;39m Will secure any request with [org.springframework.security.web.session.DisableEncodeUrlFilter@29aa29f5, org.springframework.security.web.context.request.async.WebAsyncManagerIntegrationFilter@2a742ee4, org.springframework.security.web.context.SecurityContextHolderFilter@63069995, org.springframework.security.web.header.HeaderWriterFilter@1928208d, org.springframework.web.filter.CorsFilter@4e41b993, org.springframework.security.web.authentication.logout.LogoutFilter@2140de63, com.heartrate.security.JwtAuthenticationFilter@1a1d7832, org.springframework.security.web.savedrequest.RequestCacheAwareFilter@110b6c78, org.springframework.security.web.servletapi.SecurityContextHolderAwareRequestFilter@e62d757, org.springframework.security.web.authentication.AnonymousAuthenticationFilter@915c47b, org.springframework.security.web.session.SessionManagementFilter@3c5de17c, org.springframework.security.web.access.ExceptionTranslationFilter@311819e8, org.springframework.security.web.access.intercept.AuthorizationFilter@33e6176b]
&amp#27;[2m2025-05-25T12:49:19.046-07:00&amp#27;[0;39m &amp#27;[32m INFO&amp#27;[0;39m &amp#27;[35m51766&amp#27;[0;39m &amp#27;[2m---&amp#27;[0;39m &amp#27;[2m[           main]&amp#27;[0;39m &amp#27;[2m&amp#27;[0;39m&amp#27;[36mo.s.b.w.embedded.tomcat.TomcatWebServer &amp#27;[0;39m &amp#27;[2m:&amp#27;[0;39m Tomcat started on port 64470 (http) with context path ''
&amp#27;[2m2025-05-25T12:49:19.050-07:00&amp#27;[0;39m &amp#27;[32m INFO&amp#27;[0;39m &amp#27;[35m51766&amp#27;[0;39m &amp#27;[2m---&amp#27;[0;39m &amp#27;[2m[           main]&amp#27;[0;39m &amp#27;[2m&amp#27;[0;39m&amp#27;[36mc.h.c.UserControllerIntegrationTest     &amp#27;[0;39m &amp#27;[2m:&amp#27;[0;39m Started UserControllerIntegrationTest in 0.817 seconds (process running for 3.141)
Hibernate: 
    select
        u1_0.id,
        u1_0.date_of_birth,
        u1_0.email,
        u1_0.first_name,
        u1_0.gender,
        u1_0.last_name,
        u1_0.password,
        u1_0.reset_token,
        u1_0.reset_token_expiry,
        u1_0.zip_code 
    from
        users u1_0 
    where
        u1_0.id=?
Hibernate: 
    insert 
    into
        users
        (date_of_birth, email, first_name, gender, last_name, password, reset_token, reset_token_expiry, zip_code, id) 
    values
        (?, ?, ?, ?, ?, ?, ?, ?, ?, ?)
&amp#27;[2m2025-05-25T12:49:19.206-07:00&amp#27;[0;39m &amp#27;[32m INFO&amp#27;[0;39m &amp#27;[35m51766&amp#27;[0;39m &amp#27;[2m---&amp#27;[0;39m &amp#27;[2m[o-auto-1-exec-1]&amp#27;[0;39m &amp#27;[2m&amp#27;[0;39m&amp#27;[36mo.a.c.c.C.[Tomcat].[localhost].[/]      &amp#27;[0;39m &amp#27;[2m:&amp#27;[0;39m Initializing Spring DispatcherServlet 'dispatcherServlet'
&amp#27;[2m2025-05-25T12:49:19.206-07:00&amp#27;[0;39m &amp#27;[32m INFO&amp#27;[0;39m &amp#27;[35m51766&amp#27;[0;39m &amp#27;[2m---&amp#27;[0;39m &amp#27;[2m[o-auto-1-exec-1]&amp#27;[0;39m &amp#27;[2m&amp#27;[0;39m&amp#27;[36mo.s.web.servlet.DispatcherServlet       &amp#27;[0;39m &amp#27;[2m:&amp#27;[0;39m Initializing Servlet 'dispatcherServlet'
&amp#27;[2m2025-05-25T12:49:19.207-07:00&amp#27;[0;39m &amp#27;[32m INFO&amp#27;[0;39m &amp#27;[35m51766&amp#27;[0;39m &amp#27;[2m---&amp#27;[0;39m &amp#27;[2m[o-auto-1-exec-1]&amp#27;[0;39m &amp#27;[2m&amp#27;[0;39m&amp#27;[36mo.s.web.servlet.DispatcherServlet       &amp#27;[0;39m &amp#27;[2m:&amp#27;[0;39m Completed initialization in 0 ms
Hibernate: 
    select
        u1_0.id,
        u1_0.date_of_birth,
        u1_0.email,
        u1_0.first_name,
        u1_0.gender,
        u1_0.last_name,
        u1_0.password,
        u1_0.reset_token,
        u1_0.reset_token_expiry,
        u1_0.zip_code 
    from
        users u1_0 
    where
        u1_0.email=?
Email body: Hello Test,

We received a request to reset your password. If you did not make this request, please ignore this email.

To reset your password, please click the following link:
http://localhost:8080/reset-password?token=eyJhbGciOiJIUzI1NiJ9.eyJzdWIiOiJyZXNldEBleGFtcGxlLmNvbSIsImlhdCI6MTc0ODIwMjU1OSwiZXhwIjoxNzQ4Mjg4OTU5fQ.1ADqj06EceNwAsYpgX4He7XXuQGsc0zf76pk97_oBv0

This link will expire in 24 hours.

Best regards,
HeartRate Team
Hibernate: 
    select
        u1_0.id,
        u1_0.date_of_birth,
        u1_0.email,
        u1_0.first_name,
        u1_0.gender,
        u1_0.last_name,
        u1_0.password,
        u1_0.reset_token,
        u1_0.reset_token_expiry,
        u1_0.zip_code 
    from
        users u1_0 
    where
        u1_0.email=?
Hibernate: 
    update
        users 
    set
        date_of_birth=?,
        email=?,
        first_name=?,
        gender=?,
        last_name=?,
        password=?,
        reset_token=?,
        reset_token_expiry=?,
        zip_code=? 
    where
        id=?
Hibernate: 
    select
        u1_0.id,
        u1_0.date_of_birth,
        u1_0.email,
        u1_0.first_name,
        u1_0.gender,
        u1_0.last_name,
        u1_0.password,
        u1_0.reset_token,
        u1_0.reset_token_expiry,
        u1_0.zip_code 
    from
        users u1_0 
    where
        u1_0.email=?
]]></system-out>
  </testcase>
  <testcase name="testSignUpAndSignIn" classname="com.heartrate.controller.UserControllerIntegrationTest" time="0.184">
    <system-out><![CDATA[Hibernate: 
    select
        u1_0.id,
        u1_0.date_of_birth,
        u1_0.email,
        u1_0.first_name,
        u1_0.gender,
        u1_0.last_name,
        u1_0.password,
        u1_0.reset_token,
        u1_0.reset_token_expiry,
        u1_0.zip_code 
    from
        users u1_0 
    where
        u1_0.id=?
Hibernate: 
    insert 
    into
        users
        (date_of_birth, email, first_name, gender, last_name, password, reset_token, reset_token_expiry, zip_code, id) 
    values
        (?, ?, ?, ?, ?, ?, ?, ?, ?, ?)
&amp#27;[2m2025-05-25T12:49:19.564-07:00&amp#27;[0;39m &amp#27;[32m INFO&amp#27;[0;39m &amp#27;[35m51766&amp#27;[0;39m &amp#27;[2m---&amp#27;[0;39m &amp#27;[2m[o-auto-1-exec-4]&amp#27;[0;39m &amp#27;[2m&amp#27;[0;39m&amp#27;[36mc.heartrate.controller.UserController   &amp#27;[0;39m &amp#27;[2m:&amp#27;[0;39m Login attempt received - Email: test@example.com
Hibernate: 
    select
        u1_0.id,
        u1_0.date_of_birth,
        u1_0.email,
        u1_0.first_name,
        u1_0.gender,
        u1_0.last_name,
        u1_0.password,
        u1_0.reset_token,
        u1_0.reset_token_expiry,
        u1_0.zip_code 
    from
        users u1_0 
    where
        u1_0.email=?
&amp#27;[2m2025-05-25T12:49:19.641-07:00&amp#27;[0;39m &amp#27;[32m INFO&amp#27;[0;39m &amp#27;[35m51766&amp#27;[0;39m &amp#27;[2m---&amp#27;[0;39m &amp#27;[2m[o-auto-1-exec-4]&amp#27;[0;39m &amp#27;[2m&amp#27;[0;39m&amp#27;[36mc.heartrate.controller.UserController   &amp#27;[0;39m &amp#27;[2m:&amp#27;[0;39m Login successful for user: test@example.com
]]></system-out>
  </testcase>
</testsuite>